<?xml version="1.0" encoding="UTF-8"?>
<!-- Generated by org.testng.reporters.JUnitReportReporter -->
<testsuite hostname="DESKTOP-HRG1SKO" failures="0" tests="6" name="com.inetbanking.utilities.TestClass" time="0.017" errors="0" timestamp="15 Apr. 2021 14:56:19 GMT" skipped="0">
  <testcase classname="com.inetbanking.utilities.TestClass" name="loginToWordpress" time="0.003"/>
  <testcase classname="com.inetbanking.utilities.TestClass" name="loginToWordpress" time="0.002"/>
  <testcase classname="com.inetbanking.utilities.TestClass" name="loginToWordpress" time="0.002"/>
  <testcase classname="com.inetbanking.utilities.TestClass" name="loginToWordpress" time="0.006"/>
  <testcase classname="com.inetbanking.utilities.TestClass" name="loginToWordpress" time="0.003"/>
  <testcase classname="com.inetbanking.utilities.TestClass" name="loginToWordpress" time="0.001"/>
</testsuite> <!-- com.inetbanking.utilities.TestClass -->
