<?xml version="1.0" encoding="UTF-8"?>
<!-- Generated by org.testng.reporters.JUnitReportReporter -->
<testsuite hostname="DESKTOP-HRG1SKO" failures="0" tests="1" name="com.inetbanking.testCases.Test_Case_01" time="10.624" errors="0" timestamp="03 May 2021 10:54:31 GMT" skipped="0">
  <testcase classname="com.inetbanking.testCases.Test_Case_01" name="method" time="10.624"/>
</testsuite> <!-- com.inetbanking.testCases.Test_Case_01 -->
