<?xml version="1.0" encoding="UTF-8"?>
<!-- Generated by org.testng.reporters.JUnitReportReporter -->
<testsuite hostname="DESKTOP-VV9CGCD" failures="0" tests="1" name="com.inetbanking.testCases.Test_Case_01" time="12.173" errors="0" timestamp="06 May 2021 15:00:04 GMT" skipped="0">
  <testcase classname="com.inetbanking.testCases.Test_Case_01" name="method" time="12.173"/>
</testsuite> <!-- com.inetbanking.testCases.Test_Case_01 -->
