<?xml version="1.0" encoding="UTF-8"?>
<!-- Generated by org.testng.reporters.JUnitReportReporter -->
<testsuite hostname="DESKTOP-VV9CGCD" failures="0" tests="3" name="com.inetbanking.testCases.Test_Class" time="0.013" errors="0" timestamp="2021-05-10T10:39:44 MESZ" skipped="0">
  <testcase classname="com.inetbanking.testCases.Test_Class" name="loginDDT" time="0.002"/>
  <system-out/>
  <testcase classname="com.inetbanking.testCases.Test_Class" name="loginDDT" time="0.009"/>
  <system-out/>
  <testcase classname="com.inetbanking.testCases.Test_Class" name="loginDDT" time="0.002"/>
  <system-out/>
</testsuite> <!-- com.inetbanking.testCases.Test_Class -->
