<?xml version="1.0" encoding="UTF-8"?>
<!-- Generated by org.testng.reporters.JUnitReportReporter -->
<testsuite hostname="DESKTOP-VV9CGCD" failures="0" tests="3" name="com.inetbanking.testCases.By_computer_test" time="219.564" errors="0" timestamp="2021-05-10T10:48:53 CEST" skipped="0">
  <testcase classname="com.inetbanking.testCases.By_computer_test" name="folder" time="73.096"/>
  <system-out/>
  <testcase classname="com.inetbanking.testCases.By_computer_test" name="folder" time="73.139"/>
  <system-out/>
  <testcase classname="com.inetbanking.testCases.By_computer_test" name="folder" time="73.329"/>
  <system-out/>
</testsuite> <!-- com.inetbanking.testCases.By_computer_test -->
