<?xml version="1.0" encoding="UTF-8"?>
<!-- Generated by org.testng.reporters.JUnitReportReporter -->
<testsuite hostname="DESKTOP-HRG1SKO" failures="0" tests="1" name="com.inetbanking.utilities.Btest" time="2.253" errors="0" timestamp="16 Apr 2021 08:51:42 GMT" skipped="0">
  <testcase classname="com.inetbanking.utilities.Btest" name="method" time="2.253"/>
</testsuite> <!-- com.inetbanking.utilities.Btest -->
