<?xml version="1.0" encoding="UTF-8"?>
<!-- Generated by org.testng.reporters.JUnitReportReporter -->
<testsuite hostname="DESKTOP-HRG1SKO" failures="0" tests="1" name="test.Tesst" time="7.204" errors="0" timestamp="28 Apr 2021 12:12:30 GMT" skipped="0">
  <testcase classname="test.Tesst" name="testCase02" time="7.204"/>
</testsuite> <!-- test.Tesst -->
