<?xml version="1.0" encoding="UTF-8"?>
<!-- Generated by org.testng.reporters.JUnitReportReporter -->
<testsuite hostname="DESKTOP-HRG1SKO" failures="0" tests="1" name="com.inetbanking.testCases.Test_Case_01" time="23.294" errors="0" timestamp="02 May 2021 18:59:42 GMT" skipped="0">
  <testcase classname="com.inetbanking.testCases.Test_Case_01" name="method" time="23.294"/>
</testsuite> <!-- com.inetbanking.testCases.Test_Case_01 -->
