<?xml version="1.0" encoding="UTF-8"?>
<!-- Generated by org.testng.reporters.JUnitReportReporter -->
<testsuite hostname="DESKTOP-HRG1SKO" failures="0" tests="1" name="com.inetbanking.testCases.WienerVersicherung" time="4.922" errors="0" timestamp="27 Apr 2021 12:41:47 GMT" skipped="0">
  <testcase classname="com.inetbanking.testCases.WienerVersicherung" name="method" time="4.922"/>
</testsuite> <!-- com.inetbanking.testCases.WienerVersicherung -->
