<?xml version="1.0" encoding="UTF-8"?>
<!-- Generated by org.testng.reporters.JUnitReportReporter -->
<testsuite hostname="DESKTOP-HRG1SKO" failures="0" tests="3" name="com.inetbanking.testCases.By_computer_test" time="129.012" errors="0" timestamp="2021-05-12T09:31:11 CEST" skipped="0">
  <testcase classname="com.inetbanking.testCases.By_computer_test" name="folder" time="42.935"/>
  <system-out/>
  <testcase classname="com.inetbanking.testCases.By_computer_test" name="folder" time="43.154"/>
  <system-out/>
  <testcase classname="com.inetbanking.testCases.By_computer_test" name="folder" time="42.923"/>
  <system-out/>
</testsuite> <!-- com.inetbanking.testCases.By_computer_test -->
