<?xml version="1.0" encoding="UTF-8"?>
<!-- Generated by org.testng.reporters.JUnitReportReporter -->
<testsuite hostname="DESKTOP-HRG1SKO" failures="0" tests="3" name="com.inetbanking.testCases.By_computer_test" time="24.614" errors="0" timestamp="2021-05-12T11:04:11 CEST" skipped="0">
  <testcase classname="com.inetbanking.testCases.By_computer_test" name="folder" time="7.785"/>
  <system-out/>
  <testcase classname="com.inetbanking.testCases.By_computer_test" name="folder" time="7.767"/>
  <system-out/>
  <testcase classname="com.inetbanking.testCases.By_computer_test" name="folder" time="9.062"/>
  <system-out/>
</testsuite> <!-- com.inetbanking.testCases.By_computer_test -->
